======================================================================

Annotating SDF timing data:
  Compiled SDF file:     booth_mult_16bit.sdf.X
  Log file:              back_annotate.log
  Backannotation scope:  booth_mult_16bit_tb.DUT
  Configuration file:    
  MTM control:           
  Scale factors:         
  Scale type:            

Time units: 1ns

xmelab: *W,SDFNET: Unable to annotate to non-existent timing check (HOLD RN (posedge CLK) (0.053)) of instance booth_mult_16bit_tb.DUT.\shift_reg_reg[32]  of module DFFR_E </home/ead/G23328676/ece6214/project3/synthesis/netlists/booth_mult_16bit.sdf, line 5581>.
xmelab: *W,SDFNET: Unable to annotate to non-existent timing check (HOLD RN (posedge CLK) (0.047)) of instance booth_mult_16bit_tb.DUT.done_reg of module DFFR_K </home/ead/G23328676/ece6214/project3/synthesis/netlists/booth_mult_16bit.sdf, line 6305>.
xmelab: *W,SDFNET: Unable to annotate to non-existent timing check (HOLD RN (posedge CLK) (0.047)) of instance booth_mult_16bit_tb.DUT.\p_out_reg[0]  of module DFFR_K </home/ead/G23328676/ece6214/project3/synthesis/netlists/booth_mult_16bit.sdf, line 6323>.
xmelab: *W,SDFNET: Unable to annotate to non-existent timing check (HOLD RN (posedge CLK) (0.047)) of instance booth_mult_16bit_tb.DUT.\p_out_reg[1]  of module DFFR_K </home/ead/G23328676/ece6214/project3/synthesis/netlists/booth_mult_16bit.sdf, line 6341>.
xmelab: *W,SDFNET: Unable to annotate to non-existent timing check (HOLD RN (posedge CLK) (0.047)) of instance booth_mult_16bit_tb.DUT.\p_out_reg[2]  of module DFFR_K </home/ead/G23328676/ece6214/project3/synthesis/netlists/booth_mult_16bit.sdf, line 6359>.
xmelab: *W,SDFNET: Unable to annotate to non-existent timing check (HOLD RN (posedge CLK) (0.047)) of instance booth_mult_16bit_tb.DUT.\p_out_reg[3]  of module DFFR_K </home/ead/G23328676/ece6214/project3/synthesis/netlists/booth_mult_16bit.sdf, line 6377>.
xmelab: *W,SDFNET: Unable to annotate to non-existent timing check (HOLD RN (posedge CLK) (0.047)) of instance booth_mult_16bit_tb.DUT.\p_out_reg[4]  of module DFFR_K </home/ead/G23328676/ece6214/project3/synthesis/netlists/booth_mult_16bit.sdf, line 6395>.
xmelab: *W,SDFNET: Unable to annotate to non-existent timing check (HOLD RN (posedge CLK) (0.047)) of instance booth_mult_16bit_tb.DUT.\p_out_reg[5]  of module DFFR_K </home/ead/G23328676/ece6214/project3/synthesis/netlists/booth_mult_16bit.sdf, line 6413>.
xmelab: *W,SDFNET: Unable to annotate to non-existent timing check (HOLD RN (posedge CLK) (0.047)) of instance booth_mult_16bit_tb.DUT.\p_out_reg[6]  of module DFFR_K </home/ead/G23328676/ece6214/project3/synthesis/netlists/booth_mult_16bit.sdf, line 6431>.
xmelab: *W,SDFNET: Unable to annotate to non-existent timing check (HOLD RN (posedge CLK) (0.047)) of instance booth_mult_16bit_tb.DUT.\p_out_reg[7]  of module DFFR_K </home/ead/G23328676/ece6214/project3/synthesis/netlists/booth_mult_16bit.sdf, line 6449>.
xmelab: *W,SDFNET: Unable to annotate to non-existent timing check (HOLD RN (posedge CLK) (0.047)) of instance booth_mult_16bit_tb.DUT.\p_out_reg[8]  of module DFFR_K </home/ead/G23328676/ece6214/project3/synthesis/netlists/booth_mult_16bit.sdf, line 6467>.
xmelab: *W,SDFNET: Unable to annotate to non-existent timing check (HOLD RN (posedge CLK) (0.047)) of instance booth_mult_16bit_tb.DUT.\p_out_reg[9]  of module DFFR_K </home/ead/G23328676/ece6214/project3/synthesis/netlists/booth_mult_16bit.sdf, line 6485>.
xmelab: *W,SDFNET: Unable to annotate to non-existent timing check (HOLD RN (posedge CLK) (0.047)) of instance booth_mult_16bit_tb.DUT.\p_out_reg[10]  of module DFFR_K </home/ead/G23328676/ece6214/project3/synthesis/netlists/booth_mult_16bit.sdf, line 6503>.
xmelab: *W,SDFNET: Unable to annotate to non-existent timing check (HOLD RN (posedge CLK) (0.047)) of instance booth_mult_16bit_tb.DUT.\p_out_reg[11]  of module DFFR_K </home/ead/G23328676/ece6214/project3/synthesis/netlists/booth_mult_16bit.sdf, line 6521>.
xmelab: *W,SDFNET: Unable to annotate to non-existent timing check (HOLD RN (posedge CLK) (0.047)) of instance booth_mult_16bit_tb.DUT.\p_out_reg[12]  of module DFFR_K </home/ead/G23328676/ece6214/project3/synthesis/netlists/booth_mult_16bit.sdf, line 6539>.
xmelab: *W,SDFNET: Unable to annotate to non-existent timing check (HOLD RN (posedge CLK) (0.047)) of instance booth_mult_16bit_tb.DUT.\p_out_reg[13]  of module DFFR_K </home/ead/G23328676/ece6214/project3/synthesis/netlists/booth_mult_16bit.sdf, line 6557>.
xmelab: *W,SDFNET: Unable to annotate to non-existent timing check (HOLD RN (posedge CLK) (0.047)) of instance booth_mult_16bit_tb.DUT.\p_out_reg[14]  of module DFFR_K </home/ead/G23328676/ece6214/project3/synthesis/netlists/booth_mult_16bit.sdf, line 6575>.
xmelab: *W,SDFNET: Unable to annotate to non-existent timing check (HOLD RN (posedge CLK) (0.047)) of instance booth_mult_16bit_tb.DUT.\p_out_reg[15]  of module DFFR_K </home/ead/G23328676/ece6214/project3/synthesis/netlists/booth_mult_16bit.sdf, line 6593>.
xmelab: *W,SDFNET: Unable to annotate to non-existent timing check (HOLD RN (posedge CLK) (0.047)) of instance booth_mult_16bit_tb.DUT.\p_out_reg[16]  of module DFFR_K </home/ead/G23328676/ece6214/project3/synthesis/netlists/booth_mult_16bit.sdf, line 6611>.
xmelab: *W,SDFNET: Unable to annotate to non-existent timing check (HOLD RN (posedge CLK) (0.047)) of instance booth_mult_16bit_tb.DUT.\p_out_reg[17]  of module DFFR_K </home/ead/G23328676/ece6214/project3/synthesis/netlists/booth_mult_16bit.sdf, line 6629>.
xmelab: *W,SDFNET: Unable to annotate to non-existent timing check (HOLD RN (posedge CLK) (0.047)) of instance booth_mult_16bit_tb.DUT.\p_out_reg[18]  of module DFFR_K </home/ead/G23328676/ece6214/project3/synthesis/netlists/booth_mult_16bit.sdf, line 6647>.
xmelab: *W,SDFNET: Unable to annotate to non-existent timing check (HOLD RN (posedge CLK) (0.047)) of instance booth_mult_16bit_tb.DUT.\p_out_reg[19]  of module DFFR_K </home/ead/G23328676/ece6214/project3/synthesis/netlists/booth_mult_16bit.sdf, line 6665>.
xmelab: *W,SDFNET: Unable to annotate to non-existent timing check (HOLD RN (posedge CLK) (0.047)) of instance booth_mult_16bit_tb.DUT.\p_out_reg[20]  of module DFFR_K </home/ead/G23328676/ece6214/project3/synthesis/netlists/booth_mult_16bit.sdf, line 6683>.
xmelab: *W,SDFNET: Unable to annotate to non-existent timing check (HOLD RN (posedge CLK) (0.047)) of instance booth_mult_16bit_tb.DUT.\p_out_reg[21]  of module DFFR_K </home/ead/G23328676/ece6214/project3/synthesis/netlists/booth_mult_16bit.sdf, line 6701>.
xmelab: *W,SDFNET: Unable to annotate to non-existent timing check (HOLD RN (posedge CLK) (0.047)) of instance booth_mult_16bit_tb.DUT.\p_out_reg[22]  of module DFFR_K </home/ead/G23328676/ece6214/project3/synthesis/netlists/booth_mult_16bit.sdf, line 6719>.
xmelab: *W,SDFNET: Unable to annotate to non-existent timing check (HOLD RN (posedge CLK) (0.047)) of instance booth_mult_16bit_tb.DUT.\p_out_reg[23]  of module DFFR_K </home/ead/G23328676/ece6214/project3/synthesis/netlists/booth_mult_16bit.sdf, line 6737>.
xmelab: *W,SDFNET: Unable to annotate to non-existent timing check (HOLD RN (posedge CLK) (0.047)) of instance booth_mult_16bit_tb.DUT.\p_out_reg[24]  of module DFFR_K </home/ead/G23328676/ece6214/project3/synthesis/netlists/booth_mult_16bit.sdf, line 6755>.
xmelab: *W,SDFNET: Unable to annotate to non-existent timing check (HOLD RN (posedge CLK) (0.047)) of instance booth_mult_16bit_tb.DUT.\p_out_reg[25]  of module DFFR_K </home/ead/G23328676/ece6214/project3/synthesis/netlists/booth_mult_16bit.sdf, line 6773>.
xmelab: *W,SDFNET: Unable to annotate to non-existent timing check (HOLD RN (posedge CLK) (0.047)) of instance booth_mult_16bit_tb.DUT.\p_out_reg[26]  of module DFFR_K </home/ead/G23328676/ece6214/project3/synthesis/netlists/booth_mult_16bit.sdf, line 6791>.
xmelab: *W,SDFNET: Unable to annotate to non-existent timing check (HOLD RN (posedge CLK) (0.047)) of instance booth_mult_16bit_tb.DUT.\p_out_reg[27]  of module DFFR_K </home/ead/G23328676/ece6214/project3/synthesis/netlists/booth_mult_16bit.sdf, line 6809>.
xmelab: *W,SDFNET: Unable to annotate to non-existent timing check (HOLD RN (posedge CLK) (0.047)) of instance booth_mult_16bit_tb.DUT.\p_out_reg[28]  of module DFFR_K </home/ead/G23328676/ece6214/project3/synthesis/netlists/booth_mult_16bit.sdf, line 6827>.
xmelab: *W,SDFNET: Unable to annotate to non-existent timing check (HOLD RN (posedge CLK) (0.047)) of instance booth_mult_16bit_tb.DUT.\p_out_reg[29]  of module DFFR_K </home/ead/G23328676/ece6214/project3/synthesis/netlists/booth_mult_16bit.sdf, line 6845>.
xmelab: *W,SDFNET: Unable to annotate to non-existent timing check (HOLD RN (posedge CLK) (0.047)) of instance booth_mult_16bit_tb.DUT.\p_out_reg[30]  of module DFFR_K </home/ead/G23328676/ece6214/project3/synthesis/netlists/booth_mult_16bit.sdf, line 6863>.
xmelab: *W,SDFNET: Unable to annotate to non-existent timing check (HOLD RN (posedge CLK) (0.047)) of instance booth_mult_16bit_tb.DUT.\p_out_reg[31]  of module DFFR_K </home/ead/G23328676/ece6214/project3/synthesis/netlists/booth_mult_16bit.sdf, line 6881>.
xmelab: *W,SDFNET: Unable to annotate to non-existent timing check (HOLD RN (posedge CLK) (0.047)) of instance booth_mult_16bit_tb.DUT.\shift_reg_reg[0]  of module DFFR_K </home/ead/G23328676/ece6214/project3/synthesis/netlists/booth_mult_16bit.sdf, line 6899>.
xmelab: *W,SDFNET: Unable to annotate to non-existent timing check (HOLD RN (posedge CLK) (0.047)) of instance booth_mult_16bit_tb.DUT.\shift_reg_reg[1]  of module DFFR_K </home/ead/G23328676/ece6214/project3/synthesis/netlists/booth_mult_16bit.sdf, line 6917>.
xmelab: *W,SDFNET: Unable to annotate to non-existent timing check (HOLD RN (posedge CLK) (0.047)) of instance booth_mult_16bit_tb.DUT.\shift_reg_reg[2]  of module DFFR_K </home/ead/G23328676/ece6214/project3/synthesis/netlists/booth_mult_16bit.sdf, line 6935>.
xmelab: *W,SDFNET: Unable to annotate to non-existent timing check (HOLD RN (posedge CLK) (0.047)) of instance booth_mult_16bit_tb.DUT.\shift_reg_reg[3]  of module DFFR_K </home/ead/G23328676/ece6214/project3/synthesis/netlists/booth_mult_16bit.sdf, line 6953>.
xmelab: *W,SDFNET: Unable to annotate to non-existent timing check (HOLD RN (posedge CLK) (0.047)) of instance booth_mult_16bit_tb.DUT.\shift_reg_reg[4]  of module DFFR_K </home/ead/G23328676/ece6214/project3/synthesis/netlists/booth_mult_16bit.sdf, line 6971>.
xmelab: *W,SDFNET: Unable to annotate to non-existent timing check (HOLD RN (posedge CLK) (0.047)) of instance booth_mult_16bit_tb.DUT.\shift_reg_reg[5]  of module DFFR_K </home/ead/G23328676/ece6214/project3/synthesis/netlists/booth_mult_16bit.sdf, line 6989>.
xmelab: *W,SDFNET: Unable to annotate to non-existent timing check (HOLD RN (posedge CLK) (0.047)) of instance booth_mult_16bit_tb.DUT.\shift_reg_reg[6]  of module DFFR_K </home/ead/G23328676/ece6214/project3/synthesis/netlists/booth_mult_16bit.sdf, line 7007>.
xmelab: *W,SDFNET: Unable to annotate to non-existent timing check (HOLD RN (posedge CLK) (0.047)) of instance booth_mult_16bit_tb.DUT.\shift_reg_reg[7]  of module DFFR_K </home/ead/G23328676/ece6214/project3/synthesis/netlists/booth_mult_16bit.sdf, line 7025>.
xmelab: *W,SDFNET: Unable to annotate to non-existent timing check (HOLD RN (posedge CLK) (0.047)) of instance booth_mult_16bit_tb.DUT.\shift_reg_reg[8]  of module DFFR_K </home/ead/G23328676/ece6214/project3/synthesis/netlists/booth_mult_16bit.sdf, line 7043>.
xmelab: *W,SDFNET: Unable to annotate to non-existent timing check (HOLD RN (posedge CLK) (0.047)) of instance booth_mult_16bit_tb.DUT.\shift_reg_reg[9]  of module DFFR_K </home/ead/G23328676/ece6214/project3/synthesis/netlists/booth_mult_16bit.sdf, line 7061>.
xmelab: *W,SDFNET: Unable to annotate to non-existent timing check (HOLD RN (posedge CLK) (0.047)) of instance booth_mult_16bit_tb.DUT.\shift_reg_reg[10]  of module DFFR_K </home/ead/G23328676/ece6214/project3/synthesis/netlists/booth_mult_16bit.sdf, line 7079>.
xmelab: *W,SDFNET: Unable to annotate to non-existent timing check (HOLD RN (posedge CLK) (0.047)) of instance booth_mult_16bit_tb.DUT.\shift_reg_reg[11]  of module DFFR_K </home/ead/G23328676/ece6214/project3/synthesis/netlists/booth_mult_16bit.sdf, line 7097>.
xmelab: *W,SDFNET: Unable to annotate to non-existent timing check (HOLD RN (posedge CLK) (0.047)) of instance booth_mult_16bit_tb.DUT.\shift_reg_reg[12]  of module DFFR_K </home/ead/G23328676/ece6214/project3/synthesis/netlists/booth_mult_16bit.sdf, line 7115>.
xmelab: *W,SDFNET: Unable to annotate to non-existent timing check (HOLD RN (posedge CLK) (0.047)) of instance booth_mult_16bit_tb.DUT.\shift_reg_reg[13]  of module DFFR_K </home/ead/G23328676/ece6214/project3/synthesis/netlists/booth_mult_16bit.sdf, line 7133>.
xmelab: *W,SDFNET: Unable to annotate to non-existent timing check (HOLD RN (posedge CLK) (0.047)) of instance booth_mult_16bit_tb.DUT.\shift_reg_reg[14]  of module DFFR_K </home/ead/G23328676/ece6214/project3/synthesis/netlists/booth_mult_16bit.sdf, line 7151>.
xmelab: *W,SDFNET: Unable to annotate to non-existent timing check (HOLD RN (posedge CLK) (0.047)) of instance booth_mult_16bit_tb.DUT.\shift_reg_reg[15]  of module DFFR_K </home/ead/G23328676/ece6214/project3/synthesis/netlists/booth_mult_16bit.sdf, line 7169>.
xmelab: *W,SDFNET: Unable to annotate to non-existent timing check (HOLD RN (posedge CLK) (0.047)) of instance booth_mult_16bit_tb.DUT.\shift_reg_reg[16]  of module DFFR_K </home/ead/G23328676/ece6214/project3/synthesis/netlists/booth_mult_16bit.sdf, line 7187>.
xmelab: *W,SDFNET: Unable to annotate to non-existent timing check (HOLD RN (posedge CLK) (0.047)) of instance booth_mult_16bit_tb.DUT.\shift_reg_reg[17]  of module DFFR_K </home/ead/G23328676/ece6214/project3/synthesis/netlists/booth_mult_16bit.sdf, line 7205>.
xmelab: *W,SDFNET: Unable to annotate to non-existent timing check (HOLD RN (posedge CLK) (0.047)) of instance booth_mult_16bit_tb.DUT.\shift_reg_reg[18]  of module DFFR_K </home/ead/G23328676/ece6214/project3/synthesis/netlists/booth_mult_16bit.sdf, line 7223>.
xmelab: *W,SDFNET: Unable to annotate to non-existent timing check (HOLD RN (posedge CLK) (0.047)) of instance booth_mult_16bit_tb.DUT.\shift_reg_reg[19]  of module DFFR_K </home/ead/G23328676/ece6214/project3/synthesis/netlists/booth_mult_16bit.sdf, line 7241>.
xmelab: *W,SDFNET: Unable to annotate to non-existent timing check (HOLD RN (posedge CLK) (0.047)) of instance booth_mult_16bit_tb.DUT.\shift_reg_reg[20]  of module DFFR_K </home/ead/G23328676/ece6214/project3/synthesis/netlists/booth_mult_16bit.sdf, line 7259>.
xmelab: *W,SDFNET: Unable to annotate to non-existent timing check (HOLD RN (posedge CLK) (0.047)) of instance booth_mult_16bit_tb.DUT.\shift_reg_reg[21]  of module DFFR_K </home/ead/G23328676/ece6214/project3/synthesis/netlists/booth_mult_16bit.sdf, line 7277>.
xmelab: *W,SDFNET: Unable to annotate to non-existent timing check (HOLD RN (posedge CLK) (0.047)) of instance booth_mult_16bit_tb.DUT.\shift_reg_reg[22]  of module DFFR_K </home/ead/G23328676/ece6214/project3/synthesis/netlists/booth_mult_16bit.sdf, line 7295>.
xmelab: *W,SDFNET: Unable to annotate to non-existent timing check (HOLD RN (posedge CLK) (0.047)) of instance booth_mult_16bit_tb.DUT.\shift_reg_reg[23]  of module DFFR_K </home/ead/G23328676/ece6214/project3/synthesis/netlists/booth_mult_16bit.sdf, line 7313>.
xmelab: *W,SDFNET: Unable to annotate to non-existent timing check (HOLD RN (posedge CLK) (0.047)) of instance booth_mult_16bit_tb.DUT.\shift_reg_reg[24]  of module DFFR_K </home/ead/G23328676/ece6214/project3/synthesis/netlists/booth_mult_16bit.sdf, line 7331>.
xmelab: *W,SDFNET: Unable to annotate to non-existent timing check (HOLD RN (posedge CLK) (0.047)) of instance booth_mult_16bit_tb.DUT.\shift_reg_reg[25]  of module DFFR_K </home/ead/G23328676/ece6214/project3/synthesis/netlists/booth_mult_16bit.sdf, line 7349>.
xmelab: *W,SDFNET: Unable to annotate to non-existent timing check (HOLD RN (posedge CLK) (0.047)) of instance booth_mult_16bit_tb.DUT.\shift_reg_reg[26]  of module DFFR_K </home/ead/G23328676/ece6214/project3/synthesis/netlists/booth_mult_16bit.sdf, line 7367>.
xmelab: *W,SDFNET: Unable to annotate to non-existent timing check (HOLD RN (posedge CLK) (0.047)) of instance booth_mult_16bit_tb.DUT.\shift_reg_reg[27]  of module DFFR_K </home/ead/G23328676/ece6214/project3/synthesis/netlists/booth_mult_16bit.sdf, line 7385>.
xmelab: *W,SDFNET: Unable to annotate to non-existent timing check (HOLD RN (posedge CLK) (0.047)) of instance booth_mult_16bit_tb.DUT.\shift_reg_reg[28]  of module DFFR_K </home/ead/G23328676/ece6214/project3/synthesis/netlists/booth_mult_16bit.sdf, line 7403>.
xmelab: *W,SDFNET: Unable to annotate to non-existent timing check (HOLD RN (posedge CLK) (0.047)) of instance booth_mult_16bit_tb.DUT.\shift_reg_reg[29]  of module DFFR_K </home/ead/G23328676/ece6214/project3/synthesis/netlists/booth_mult_16bit.sdf, line 7421>.
xmelab: *W,SDFNET: Unable to annotate to non-existent timing check (HOLD RN (posedge CLK) (0.047)) of instance booth_mult_16bit_tb.DUT.\shift_reg_reg[30]  of module DFFR_K </home/ead/G23328676/ece6214/project3/synthesis/netlists/booth_mult_16bit.sdf, line 7439>.
xmelab: *W,SDFNET: Unable to annotate to non-existent timing check (HOLD RN (posedge CLK) (0.047)) of instance booth_mult_16bit_tb.DUT.\shift_reg_reg[31]  of module DFFR_K </home/ead/G23328676/ece6214/project3/synthesis/netlists/booth_mult_16bit.sdf, line 7457>.
xmelab: *W,SDFNET: Unable to annotate to non-existent timing check (HOLD RN (posedge CLK) (0.047)) of instance booth_mult_16bit_tb.DUT.\m_reg_reg[0]  of module DFFR_K </home/ead/G23328676/ece6214/project3/synthesis/netlists/booth_mult_16bit.sdf, line 7475>.
xmelab: *W,SDFNET: Unable to annotate to non-existent timing check (HOLD RN (posedge CLK) (0.047)) of instance booth_mult_16bit_tb.DUT.\m_reg_reg[1]  of module DFFR_K </home/ead/G23328676/ece6214/project3/synthesis/netlists/booth_mult_16bit.sdf, line 7493>.
xmelab: *W,SDFNET: Unable to annotate to non-existent timing check (HOLD RN (posedge CLK) (0.047)) of instance booth_mult_16bit_tb.DUT.\m_reg_reg[2]  of module DFFR_K </home/ead/G23328676/ece6214/project3/synthesis/netlists/booth_mult_16bit.sdf, line 7511>.
xmelab: *W,SDFNET: Unable to annotate to non-existent timing check (HOLD RN (posedge CLK) (0.047)) of instance booth_mult_16bit_tb.DUT.\m_reg_reg[3]  of module DFFR_K </home/ead/G23328676/ece6214/project3/synthesis/netlists/booth_mult_16bit.sdf, line 7529>.
xmelab: *W,SDFNET: Unable to annotate to non-existent timing check (HOLD RN (posedge CLK) (0.047)) of instance booth_mult_16bit_tb.DUT.\m_reg_reg[4]  of module DFFR_K </home/ead/G23328676/ece6214/project3/synthesis/netlists/booth_mult_16bit.sdf, line 7547>.
xmelab: *W,SDFNET: Unable to annotate to non-existent timing check (HOLD RN (posedge CLK) (0.047)) of instance booth_mult_16bit_tb.DUT.\m_reg_reg[5]  of module DFFR_K </home/ead/G23328676/ece6214/project3/synthesis/netlists/booth_mult_16bit.sdf, line 7565>.
xmelab: *W,SDFNET: Unable to annotate to non-existent timing check (HOLD RN (posedge CLK) (0.047)) of instance booth_mult_16bit_tb.DUT.\m_reg_reg[6]  of module DFFR_K </home/ead/G23328676/ece6214/project3/synthesis/netlists/booth_mult_16bit.sdf, line 7583>.
xmelab: *W,SDFNET: Unable to annotate to non-existent timing check (HOLD RN (posedge CLK) (0.047)) of instance booth_mult_16bit_tb.DUT.\m_reg_reg[7]  of module DFFR_K </home/ead/G23328676/ece6214/project3/synthesis/netlists/booth_mult_16bit.sdf, line 7601>.
xmelab: *W,SDFNET: Unable to annotate to non-existent timing check (HOLD RN (posedge CLK) (0.047)) of instance booth_mult_16bit_tb.DUT.\m_reg_reg[8]  of module DFFR_K </home/ead/G23328676/ece6214/project3/synthesis/netlists/booth_mult_16bit.sdf, line 7619>.
xmelab: *W,SDFNET: Unable to annotate to non-existent timing check (HOLD RN (posedge CLK) (0.047)) of instance booth_mult_16bit_tb.DUT.\m_reg_reg[9]  of module DFFR_K </home/ead/G23328676/ece6214/project3/synthesis/netlists/booth_mult_16bit.sdf, line 7637>.
xmelab: *W,SDFNET: Unable to annotate to non-existent timing check (HOLD RN (posedge CLK) (0.047)) of instance booth_mult_16bit_tb.DUT.\m_reg_reg[10]  of module DFFR_K </home/ead/G23328676/ece6214/project3/synthesis/netlists/booth_mult_16bit.sdf, line 7655>.
xmelab: *W,SDFNET: Unable to annotate to non-existent timing check (HOLD RN (posedge CLK) (0.047)) of instance booth_mult_16bit_tb.DUT.\m_reg_reg[11]  of module DFFR_K </home/ead/G23328676/ece6214/project3/synthesis/netlists/booth_mult_16bit.sdf, line 7673>.
xmelab: *W,SDFNET: Unable to annotate to non-existent timing check (HOLD RN (posedge CLK) (0.047)) of instance booth_mult_16bit_tb.DUT.\m_reg_reg[12]  of module DFFR_K </home/ead/G23328676/ece6214/project3/synthesis/netlists/booth_mult_16bit.sdf, line 7691>.
xmelab: *W,SDFNET: Unable to annotate to non-existent timing check (HOLD RN (posedge CLK) (0.047)) of instance booth_mult_16bit_tb.DUT.\m_reg_reg[13]  of module DFFR_K </home/ead/G23328676/ece6214/project3/synthesis/netlists/booth_mult_16bit.sdf, line 7709>.
xmelab: *W,SDFNET: Unable to annotate to non-existent timing check (HOLD RN (posedge CLK) (0.047)) of instance booth_mult_16bit_tb.DUT.\m_reg_reg[14]  of module DFFR_K </home/ead/G23328676/ece6214/project3/synthesis/netlists/booth_mult_16bit.sdf, line 7727>.
xmelab: *W,SDFNET: Unable to annotate to non-existent timing check (HOLD RN (posedge CLK) (0.047)) of instance booth_mult_16bit_tb.DUT.\m_reg_reg[15]  of module DFFR_K </home/ead/G23328676/ece6214/project3/synthesis/netlists/booth_mult_16bit.sdf, line 7745>.
xmelab: *W,SDFNET: Unable to annotate to non-existent timing check (HOLD RN (posedge CLK) (0.047)) of instance booth_mult_16bit_tb.DUT.\count_reg[3]  of module DFFR_K </home/ead/G23328676/ece6214/project3/synthesis/netlists/booth_mult_16bit.sdf, line 7763>.
xmelab: *W,SDFNET: Unable to annotate to non-existent timing check (HOLD RN (posedge CLK) (0.047)) of instance booth_mult_16bit_tb.DUT.\count_reg[2]  of module DFFR_K </home/ead/G23328676/ece6214/project3/synthesis/netlists/booth_mult_16bit.sdf, line 7781>.
xmelab: *W,SDFNET: Unable to annotate to non-existent timing check (HOLD RN (posedge CLK) (0.047)) of instance booth_mult_16bit_tb.DUT.\count_reg[1]  of module DFFR_K </home/ead/G23328676/ece6214/project3/synthesis/netlists/booth_mult_16bit.sdf, line 7799>.
xmelab: *W,SDFNET: Unable to annotate to non-existent timing check (HOLD RN (posedge CLK) (0.047)) of instance booth_mult_16bit_tb.DUT.\count_reg[0]  of module DFFR_K </home/ead/G23328676/ece6214/project3/synthesis/netlists/booth_mult_16bit.sdf, line 7817>.
xmelab: *W,SDFNET: Unable to annotate to non-existent timing check (HOLD RN (posedge CLK) (0.047)) of instance booth_mult_16bit_tb.DUT.\count_reg[4]  of module DFFR_K </home/ead/G23328676/ece6214/project3/synthesis/netlists/booth_mult_16bit.sdf, line 7835>.
xmelab: *W,SDFNET: Unable to annotate to non-existent timing check (HOLD RN (posedge CLK) (0.047)) of instance booth_mult_16bit_tb.DUT.\state_reg[1]  of module DFFR_K </home/ead/G23328676/ece6214/project3/synthesis/netlists/booth_mult_16bit.sdf, line 7853>.
xmelab: *W,SDFNET: Unable to annotate to non-existent timing check (HOLD RN (posedge CLK) (0.047)) of instance booth_mult_16bit_tb.DUT.\state_reg[0]  of module DFFR_K </home/ead/G23328676/ece6214/project3/synthesis/netlists/booth_mult_16bit.sdf, line 7871>.
