 
****************************************
Report : area
Design : booth_mult_16bit
Version: O-2018.06-SP1
Date   : Fri Feb 13 15:03:09 2026
****************************************

Library(s) Used:

    IBM_CMOS8HP_SS125 (File: /apps/design_kits/ibm_kits/IBM_IP/ibm_cmos8hp/std_cell/sc/v.20110613/synopsys/ss_125/IBM_CMOS8HP_SS125.db)

Number of ports:                          168
Number of nets:                           821
Number of cells:                          592
Number of combinational cells:            499
Number of sequential cells:                91
Number of macros/black boxes:               0
Number of buf/inv:                        315
Number of references:                      46

Combinational area:               6641.280066
Buf/Inv area:                     2931.840072
Noncombinational area:            4940.160027
Macro/Black Box area:                0.000000
Net Interconnect area:      undefined  (Wire load has zero net area)

Total cell area:                 11581.440093
Total area:                 undefined

Hierarchical area distribution
------------------------------

                                  Global cell area           Local cell area
                                  -------------------  ---------------------------- 
Hierarchical cell                 Absolute    Percent  Combi-     Noncombi-  Black-
                                  Total       Total    national   national   boxes   Design
--------------------------------  ----------  -------  ---------  ---------  ------  ---------------------------
booth_mult_16bit                  11581.4401    100.0  5270.4001  4940.1600  0.0000  booth_mult_16bit
add_58                              647.0400      5.6   647.0400     0.0000  0.0000  booth_mult_16bit_DW01_add_0
sub_59                              723.8400      6.2   723.8400     0.0000  0.0000  booth_mult_16bit_DW01_sub_0
--------------------------------  ----------  -------  ---------  ---------  ------  ---------------------------
Total                                                  6641.2801  4940.1600  0.0000

1
