 
****************************************
Report : area
Design : mult_16bit
Version: O-2018.06-SP1
Date   : Fri Feb 13 10:11:49 2026
****************************************

Library(s) Used:

    IBM_CMOS8HP_SS125 (File: /apps/design_kits/ibm_kits/IBM_IP/ibm_cmos8hp/std_cell/sc/v.20110613/synopsys/ss_125/IBM_CMOS8HP_SS125.db)

Number of ports:                          223
Number of nets:                          1408
Number of cells:                         1024
Number of combinational cells:            955
Number of sequential cells:                67
Number of macros/black boxes:               0
Number of buf/inv:                        347
Number of references:                      10

Combinational area:              17235.840094
Buf/Inv area:                     4039.680056
Noncombinational area:            3475.200020
Macro/Black Box area:                0.000000
Net Interconnect area:      undefined  (Wire load has zero net area)

Total cell area:                 20711.040114
Total area:                 undefined

Hierarchical area distribution
------------------------------

                                  Global cell area            Local cell area
                                  -------------------  ----------------------------- 
Hierarchical cell                 Absolute    Percent  Combi-      Noncombi-  Black-
                                  Total       Total    national    national   boxes   Design
--------------------------------  ----------  -------  ----------  ---------  ------  ----------------------
mult_16bit                        20711.0401    100.0    748.8000  3475.2000  0.0000  mult_16bit
mult_27                           16487.0401     79.6  14974.0801     0.0000  0.0000  mult_16bit_DW02_mult_0
mult_27/FS_1                       1512.9600      7.3   1512.9600     0.0000  0.0000  mult_16bit_DW01_add_0
--------------------------------  ----------  -------  ----------  ---------  ------  ----------------------
Total                                                  17235.8401  3475.2000  0.0000

1
